 #hydrostatic equilibrium dump
 #alt/km p/mbar Tgas/K
   1.0000000000000000        913.33855052991828        282.00000000000000     
   2.0000000000000000        778.57230490601921        275.00000000000000     
   3.0000000000000000        665.37107850163306        269.00000000000000     
   4.0000000000000000        563.58324690133122        262.00000000000000     
   5.0000000000000000        480.92842712561441        256.00000000000000     
   6.0000000000000000        406.35047673226615        249.00000000000000     
   7.0000000000000000        344.42794286204105        243.00000000000000     
   8.0000000000000000        289.78589265029910        236.00000000000000     
   9.0000000000000000        244.59607152620541        230.00000000000000     
   10.000000000000000        206.64296589691710        225.00000000000000     
   11.000000000000000        176.71643020830697        221.00000000000000     
   12.000000000000000        152.79362953613497        220.00000000000000     
   13.000000000000000        131.98528314745863        219.00000000000000     
   14.000000000000000        114.04089884637382        218.00000000000000     
   15.000000000000000        98.563263329518605        217.00000000000000     
   16.000000000000000        85.766759515576368        217.00000000000000     
   17.000000000000000        74.798314775584743        217.00000000000000     
   18.000000000000000        65.028790842174701        217.00000000000000     
   19.000000000000000        56.667781170201664        217.00000000000000     
   20.000000000000000        49.445555892944988        217.00000000000000     
   21.000000000000000        43.291203896931030        218.00000000000000     
   22.000000000000000        37.834383265818097        219.00000000000000     
   23.000000000000000        33.267734140332948        220.00000000000000     
   24.000000000000000        29.176822162367674        221.00000000000000     
   25.000000000000000        25.599381829326109        222.00000000000000     
   26.000000000000000        22.450409956346700        223.00000000000000     
   27.000000000000000        19.698962937314096        224.00000000000000     
   28.000000000000000        17.288716533043591        225.00000000000000     
   29.000000000000000        15.183962136057989        226.00000000000000     
   30.000000000000000        13.320102947072380        227.00000000000000     
   31.000000000000000        11.783550554809478        229.00000000000000     
   32.000000000000000        10.431819953226352        231.00000000000000     
   33.000000000000000        9.2350738022274470        233.00000000000000     
   34.000000000000000        8.1687597946723578        235.00000000000000     
   35.000000000000000        7.2269551827190828        237.00000000000000     
   36.000000000000000        6.4330943602351391        239.00000000000000     
   37.000000000000000        5.7251691136775653        242.00000000000000     
   38.000000000000000        5.1431585115666651        245.00000000000000     
   39.000000000000000        4.5828387146519534        248.00000000000000     
   40.000000000000000        4.0811979813801216        250.00000000000000     
   41.000000000000000        3.6515162606915914        253.00000000000000     
   42.000000000000000        3.2705824526090592        256.00000000000000     
   43.000000000000000        2.9333535886537891        259.00000000000000     
   44.000000000000000        2.6243835907768402        261.00000000000000     
   45.000000000000000        2.3592405329006052        264.00000000000000     
   46.000000000000000        2.1168821449949466        267.00000000000000     
   47.000000000000000        1.8768031245537802        268.00000000000000     
   48.000000000000000        1.6608830597670614        269.00000000000000     
   49.000000000000000        1.4786101764654902        271.00000000000000     
   50.000000000000000        1.2951880981027359        271.00000000000000     
   51.000000000000000        1.1334792410713903        271.00000000000000     
   52.000000000000000       0.96505792629250764        268.00000000000000     
   53.000000000000000       0.82630914227124463        266.00000000000000     
   54.000000000000000       0.70412961045384614        264.00000000000000     
   55.000000000000000       0.59877851093048795        261.00000000000000     
   56.000000000000000       0.50975945215193152        259.00000000000000     
   57.000000000000000       0.43489518667705673        256.00000000000000     
   58.000000000000000       0.37115271520448234        254.00000000000000     
   59.000000000000000       0.31671545393948342        252.00000000000000     
   60.000000000000000       0.26300403404261391        247.00000000000000     
